<?xml version="1.0" encoding="UTF-8"?>
<testsuite xmlns:xsi="http://www.w3.org/2001/XMLSchema-instance" xsi:noNamespaceSchemaLocation="https://maven.apache.org/surefire/maven-surefire-plugin/xsd/surefire-test-report.xsd" name="TestSuite" time="4.077" tests="3" errors="0" skipped="0" failures="0">
  <properties>
[...]
</properties>
  <testcase name="launchApplication" classname="com.nxtgenai.sanity.HandlingPopUp" time="2.941"/>
  <testcase name="handlingPopUp" classname="com.nxtgenai.sanity.HandlingPopUp" time="0.132"/>
  <testcase name="closeApplication" classname="com.nxtgenai.sanity.HandlingPopUp" time="0.216"/>
</testsuite>