<?xml version="1.0" encoding="UTF-8"?>
<!-- Generated by org.testng.reporters.JUnitXMLReporter -->
<testsuite ignored="0" hostname="DESKTOP-02HTNM8" failures="0" tests="3" name="HandlingPopup" time="3.321" errors="0" timestamp="2023-09-17T18:45:21 IST">
  <testcase classname="com.nxtgenai.sanity.HandlingPopUp" name="launchApplication" time="2.938"/>
  <testcase classname="com.nxtgenai.sanity.HandlingPopUp" name="handlingPopUp" time="0.132"/>
  <testcase classname="com.nxtgenai.sanity.HandlingPopUp" name="closeApplication" time="0.213"/>
</testsuite> <!-- HandlingPopup -->
