<?xml version="1.0" encoding="UTF-8"?>
<testng-results ignored="0" total="3" passed="3" failed="0" skipped="0">
  <reporter-output>
  </reporter-output>
  <suite started-at="2023-09-17T18:39:44 IST" name="Sanity Automation Suite" finished-at="2023-09-17T18:39:48 IST" duration-ms="3425">
    <groups>
    </groups>
    <test started-at="2023-09-17T18:39:44 IST" name="HandlingPopup" finished-at="2023-09-17T18:39:48 IST" duration-ms="3425">
      <class name="com.nxtgenai.sanity.HandlingPopUp">
        <test-method signature="launchApplication()[pri:1, instance:com.nxtgenai.sanity.HandlingPopUp@56cdfb3b]" started-at="2023-09-17T18:39:44 IST" name="launchApplication" finished-at="2023-09-17T18:39:47 IST" duration-ms="3050" status="PASS">
          <reporter-output>
          </reporter-output>
        </test-method> <!-- launchApplication -->
        <test-method signature="handlingPopUp()[pri:2, instance:com.nxtgenai.sanity.HandlingPopUp@56cdfb3b]" started-at="2023-09-17T18:39:47 IST" name="handlingPopUp" finished-at="2023-09-17T18:39:47 IST" duration-ms="136" status="PASS">
          <reporter-output>
          </reporter-output>
        </test-method> <!-- handlingPopUp -->
        <test-method signature="closeApplication()[pri:3, instance:com.nxtgenai.sanity.HandlingPopUp@56cdfb3b]" started-at="2023-09-17T18:39:47 IST" name="closeApplication" finished-at="2023-09-17T18:39:48 IST" duration-ms="195" status="PASS">
          <reporter-output>
          </reporter-output>
        </test-method> <!-- closeApplication -->
      </class> <!-- com.nxtgenai.sanity.HandlingPopUp -->
    </test> <!-- HandlingPopup -->
  </suite> <!-- Sanity Automation Suite -->
</testng-results>
